<?xml version="1.0" encoding="UTF-8"?>
<testng-results skipped="0" failed="0" ignored="0" total="1" passed="1">
  <reporter-output>
  </reporter-output>
  <suite name="Default suite" duration-ms="77" started-at="2020-04-10T14:41:07Z" finished-at="2020-04-10T14:41:07Z">
    <groups>
    </groups>
    <test name="Default test" duration-ms="77" started-at="2020-04-10T14:41:07Z" finished-at="2020-04-10T14:41:07Z">
      <class name="A1">
        <test-method status="PASS" signature="beforeClass()[pri:0, instance:A1@4520ebad]" name="beforeClass" is-config="true" duration-ms="24" started-at="2020-04-10T14:41:07Z" finished-at="2020-04-10T14:41:07Z">
          <reporter-output>
          </reporter-output>
        </test-method> <!-- beforeClass -->
        <test-method status="PASS" signature="test()[pri:0, instance:A1@4520ebad]" name="test" duration-ms="6" started-at="2020-04-10T14:41:07Z" finished-at="2020-04-10T14:41:07Z">
          <reporter-output>
          </reporter-output>
        </test-method> <!-- test -->
        <test-method status="PASS" signature="beforeMethod()[pri:0, instance:A1@4520ebad]" name="beforeMethod" is-config="true" duration-ms="0" started-at="2020-04-10T14:41:07Z" finished-at="2020-04-10T14:41:07Z">
          <reporter-output>
          </reporter-output>
        </test-method> <!-- beforeMethod -->
        <test-method status="PASS" signature="afterMethod()[pri:0, instance:A1@4520ebad]" name="afterMethod" is-config="true" duration-ms="0" started-at="2020-04-10T14:41:07Z" finished-at="2020-04-10T14:41:07Z">
          <reporter-output>
          </reporter-output>
        </test-method> <!-- afterMethod -->
        <test-method status="PASS" signature="afterClass()[pri:0, instance:A1@4520ebad]" name="afterClass" is-config="true" duration-ms="0" started-at="2020-04-10T14:41:07Z" finished-at="2020-04-10T14:41:07Z">
          <reporter-output>
          </reporter-output>
        </test-method> <!-- afterClass -->
      </class> <!-- A1 -->
    </test> <!-- Default test -->
  </suite> <!-- Default suite -->
</testng-results>
